{"numFailedTestSuites":0,"numFailedTests":0,"numPassedTestSuites":8,"numPassedTests":20,"numPendingTestSuites":0,"numPendingTests":0,"numRuntimeErrorTestSuites":0,"numTodoTests":0,"numTotalTestSuites":8,"numTotalTests":20,"openHandles":[],"snapshot":{"added":0,"didUpdate":false,"failure":false,"filesAdded":0,"filesRemoved":0,"filesRemovedList":[],"filesUnmatched":0,"filesUpdated":0,"matched":0,"total":0,"unchecked":0,"uncheckedKeysByFile":[],"unmatched":0,"updated":0},"startTime":1654617529224,"success":true,"testResults":[{"assertionResults":[{"ancestorTitles":["Button"],"failureMessages":[],"fullName":"Button renders the Button component","location":null,"status":"passed","title":"renders the Button component"}],"endTime":1654617531198,"message":"","name":"/Users/tobiastykvart/Git/storybook-design-system/src/components/Button/Button.test.tsx","startTime":1654617530241,"status":"passed","summary":""},{"assertionResults":[{"ancestorTitles":["Typography"],"failureMessages":[],"fullName":"Typography renders the Typography component","location":null,"status":"passed","title":"renders the Typography component"}],"endTime":1654617532168,"message":"","name":"/Users/tobiastykvart/Git/storybook-design-system/src/components/Typography/Typography.test.tsx","startTime":1654617530205,"status":"passed","summary":""},{"assertionResults":[{"ancestorTitles":["FormWrapper component"],"failureMessages":[],"fullName":"FormWrapper component should render submit button","location":null,"status":"passed","title":"should render submit button"}],"endTime":1654617532209,"message":"","name":"/Users/tobiastykvart/Git/storybook-design-system/src/components/FormWrapper/FormWrapper.test.tsx","startTime":1654617530198,"status":"passed","summary":""},{"assertionResults":[{"ancestorTitles":["TextField"],"failureMessages":[],"fullName":"TextField should render a TextField","location":null,"status":"passed","title":"should render a TextField"}],"endTime":1654617532229,"message":"","name":"/Users/tobiastykvart/Git/storybook-design-system/src/components/TextField/TextField.test.tsx","startTime":1654617530204,"status":"passed","summary":""},{"assertionResults":[{"ancestorTitles":["Header component"],"failureMessages":[],"fullName":"Header component should render logo","location":null,"status":"passed","title":"should render logo"},{"ancestorTitles":["Header component"],"failureMessages":[],"fullName":"Header component should render alpha button","location":null,"status":"passed","title":"should render alpha button"}],"endTime":1654617532256,"message":"","name":"/Users/tobiastykvart/Git/storybook-design-system/src/components/Header/Header.test.tsx","startTime":1654617530231,"status":"passed","summary":""},{"assertionResults":[{"ancestorTitles":["Footer component"],"failureMessages":[],"fullName":"Footer component should render main footer text","location":null,"status":"passed","title":"should render main footer text"},{"ancestorTitles":["Footer component"],"failureMessages":[],"fullName":"Footer component should open send email link","location":null,"status":"passed","title":"should open send email link"},{"ancestorTitles":["Footer component"],"failureMessages":[],"fullName":"Footer component should click GDPR link","location":null,"status":"passed","title":"should click GDPR link"},{"ancestorTitles":["Footer component"],"failureMessages":[],"fullName":"Footer component should render copyright","location":null,"status":"passed","title":"should render copyright"}],"endTime":1654617532293,"message":"","name":"/Users/tobiastykvart/Git/storybook-design-system/src/components/Footer/Footer.test.tsx","startTime":1654617530189,"status":"passed","summary":""},{"assertionResults":[{"ancestorTitles":["Claim component"],"failureMessages":[],"fullName":"Claim component should render check claim button","location":null,"status":"passed","title":"should render check claim button"},{"ancestorTitles":["Claim component"],"failureMessages":[],"fullName":"Claim component should render claim title","location":null,"status":"passed","title":"should render claim title"},{"ancestorTitles":["Claim component"],"failureMessages":[],"fullName":"Claim component should show domain","location":null,"status":"passed","title":"should show domain"},{"ancestorTitles":["Claim component"],"failureMessages":[],"fullName":"Claim component should show domain name","location":null,"status":"passed","title":"should show domain name"},{"ancestorTitles":["Claim component"],"failureMessages":[],"fullName":"Claim component should show label","location":null,"status":"passed","title":"should show label"},{"ancestorTitles":["Claim component"],"failureMessages":[],"fullName":"Claim component should show date","location":null,"status":"passed","title":"should show date"},{"ancestorTitles":["Simple Claim component"],"failureMessages":[],"fullName":"Simple Claim component renders the Simple Claim component","location":null,"status":"passed","title":"renders the Simple Claim component"}],"endTime":1654617532337,"message":"","name":"/Users/tobiastykvart/Git/storybook-design-system/src/components/Claim/Claim.test.tsx","startTime":1654617530206,"status":"passed","summary":""},{"assertionResults":[{"ancestorTitles":["PasswordField component"],"failureMessages":[],"fullName":"PasswordField component should make the password readable.","location":null,"status":"passed","title":"should make the password readable."},{"ancestorTitles":["PasswordField component"],"failureMessages":[],"fullName":"PasswordField component should show caps lock warning.","location":null,"status":"passed","title":"should show caps lock warning."},{"ancestorTitles":["PasswordField component"],"failureMessages":[],"fullName":"PasswordField component should hide caps lock warning.","location":null,"status":"passed","title":"should hide caps lock warning."}],"endTime":1654617532656,"message":"","name":"/Users/tobiastykvart/Git/storybook-design-system/src/components/PasswordField/PasswordField.test.tsx","startTime":1654617530203,"status":"passed","summary":""}],"wasInterrupted":false,"coverageMap":{"/Users/tobiastykvart/Git/storybook-design-system/src/components/Button/Button.tsx":{"path":"/Users/tobiastykvart/Git/storybook-design-system/src/components/Button/Button.tsx","statementMap":{"0":{"start":{"line":9,"column":15},"end":{"line":11,"column":1}},"1":{"start":{"line":10,"column":2},"end":{"line":10,"column":64}}},"fnMap":{"0":{"name":"(anonymous_0)","decl":{"start":{"line":9,"column":15},"end":{"line":9,"column":16}},"loc":{"start":{"line":9,"column":39},"end":{"line":11,"column":1}},"line":9}},"branchMap":{},"s":{"0":3,"1":10},"f":{"0":10},"b":{},"_coverageSchema":"1a1c01bbd47fc00a2c39e90264f33305004495a9","hash":"3cdeed41dfa07ac641ce9469def05b967642fdb8"},"/Users/tobiastykvart/Git/storybook-design-system/src/components/Typography/Typography.tsx":{"path":"/Users/tobiastykvart/Git/storybook-design-system/src/components/Typography/Typography.tsx","statementMap":{"0":{"start":{"line":10,"column":26},"end":{"line":39,"column":1}},"1":{"start":{"line":20,"column":6},"end":{"line":20,"column":11}},"2":{"start":{"line":22,"column":14},"end":{"line":22,"column":27}},"3":{"start":{"line":23,"column":2},"end":{"line":23,"column":37}},"4":{"start":{"line":25,"column":2},"end":{"line":38,"column":4}}},"fnMap":{"0":{"name":"(anonymous_0)","decl":{"start":{"line":10,"column":26},"end":{"line":10,"column":27}},"loc":{"start":{"line":10,"column":54},"end":{"line":39,"column":1}},"line":10}},"branchMap":{"0":{"loc":{"start":{"line":12,"column":4},"end":{"line":12,"column":28}},"type":"default-arg","locations":[{"start":{"line":12,"column":15},"end":{"line":12,"column":28}}],"line":12},"1":{"loc":{"start":{"line":13,"column":4},"end":{"line":13,"column":21}},"type":"default-arg","locations":[{"start":{"line":13,"column":14},"end":{"line":13,"column":21}}],"line":13},"2":{"loc":{"start":{"line":14,"column":4},"end":{"line":14,"column":18}},"type":"default-arg","locations":[{"start":{"line":14,"column":12},"end":{"line":14,"column":18}}],"line":14},"3":{"loc":{"start":{"line":15,"column":4},"end":{"line":15,"column":24}},"type":"default-arg","locations":[{"start":{"line":15,"column":19},"end":{"line":15,"column":24}}],"line":15},"4":{"loc":{"start":{"line":16,"column":4},"end":{"line":16,"column":18}},"type":"default-arg","locations":[{"start":{"line":16,"column":13},"end":{"line":16,"column":18}}],"line":16},"5":{"loc":{"start":{"line":17,"column":4},"end":{"line":17,"column":21}},"type":"default-arg","locations":[{"start":{"line":17,"column":16},"end":{"line":17,"column":21}}],"line":17},"6":{"loc":{"start":{"line":18,"column":4},"end":{"line":18,"column":32}},"type":"default-arg","locations":[{"start":{"line":18,"column":17},"end":{"line":18,"column":32}}],"line":18},"7":{"loc":{"start":{"line":33,"column":12},"end":{"line":33,"column":44}},"type":"binary-expr","locations":[{"start":{"line":33,"column":12},"end":{"line":33,"column":14}},{"start":{"line":33,"column":18},"end":{"line":33,"column":44}}],"line":33}},"s":{"0":4,"1":44,"2":44,"3":44,"4":44},"f":{"0":44},"b":{"0":[2],"1":[18],"2":[28],"3":[44],"4":[44],"5":[44],"6":[38],"7":[44,32]},"_coverageSchema":"1a1c01bbd47fc00a2c39e90264f33305004495a9","hash":"5267560123d9e60d1095a3f7063d3e93d6ca6d8c"},"/Users/tobiastykvart/Git/storybook-design-system/src/components/Typography/index.tsx":{"path":"/Users/tobiastykvart/Git/storybook-design-system/src/components/Typography/index.tsx","statementMap":{},"fnMap":{},"branchMap":{},"s":{},"f":{},"b":{},"_coverageSchema":"1a1c01bbd47fc00a2c39e90264f33305004495a9","hash":"c3b0a35897769da9c1877f633caac0a0068c77c0"},"/Users/tobiastykvart/Git/storybook-design-system/src/components/FormWrapper/FormWrapper.tsx":{"path":"/Users/tobiastykvart/Git/storybook-design-system/src/components/FormWrapper/FormWrapper.tsx","statementMap":{"0":{"start":{"line":15,"column":20},"end":{"line":58,"column":1}},"1":{"start":{"line":24,"column":6},"end":{"line":24,"column":11}},"2":{"start":{"line":26,"column":2},"end":{"line":57,"column":4}}},"fnMap":{"0":{"name":"(anonymous_0)","decl":{"start":{"line":15,"column":20},"end":{"line":15,"column":21}},"loc":{"start":{"line":15,"column":49},"end":{"line":58,"column":1}},"line":15}},"branchMap":{"0":{"loc":{"start":{"line":23,"column":4},"end":{"line":23,"column":32}},"type":"default-arg","locations":[{"start":{"line":23,"column":24},"end":{"line":23,"column":32}}],"line":23},"1":{"loc":{"start":{"line":34,"column":13},"end":{"line":38,"column":13}},"type":"binary-expr","locations":[{"start":{"line":34,"column":13},"end":{"line":34,"column":25}},{"start":{"line":35,"column":14},"end":{"line":37,"column":21}}],"line":34}},"s":{"0":1,"1":1,"2":1},"f":{"0":1},"b":{"0":[1],"1":[1,0]},"_coverageSchema":"1a1c01bbd47fc00a2c39e90264f33305004495a9","hash":"d8489dfc166284632a9a81da7ce01374e67e9451"},"/Users/tobiastykvart/Git/storybook-design-system/src/components/TextField/TextField.tsx":{"path":"/Users/tobiastykvart/Git/storybook-design-system/src/components/TextField/TextField.tsx","statementMap":{"0":{"start":{"line":4,"column":25},"end":{"line":29,"column":1}},"1":{"start":{"line":15,"column":2},"end":{"line":28,"column":4}}},"fnMap":{"0":{"name":"(anonymous_0)","decl":{"start":{"line":4,"column":25},"end":{"line":4,"column":26}},"loc":{"start":{"line":14,"column":22},"end":{"line":29,"column":1}},"line":14}},"branchMap":{"0":{"loc":{"start":{"line":7,"column":2},"end":{"line":7,"column":23}},"type":"default-arg","locations":[{"start":{"line":7,"column":7},"end":{"line":7,"column":23}}],"line":7},"1":{"loc":{"start":{"line":8,"column":2},"end":{"line":8,"column":20}},"type":"default-arg","locations":[{"start":{"line":8,"column":10},"end":{"line":8,"column":20}}],"line":8},"2":{"loc":{"start":{"line":9,"column":2},"end":{"line":9,"column":20}},"type":"default-arg","locations":[{"start":{"line":9,"column":12},"end":{"line":9,"column":20}}],"line":9},"3":{"loc":{"start":{"line":10,"column":2},"end":{"line":10,"column":18}},"type":"default-arg","locations":[{"start":{"line":10,"column":13},"end":{"line":10,"column":18}}],"line":10},"4":{"loc":{"start":{"line":11,"column":2},"end":{"line":11,"column":19}},"type":"default-arg","locations":[{"start":{"line":11,"column":10},"end":{"line":11,"column":19}}],"line":11}},"s":{"0":2,"1":7},"f":{"0":7},"b":{"0":[1],"1":[1],"2":[7],"3":[7],"4":[7]},"_coverageSchema":"1a1c01bbd47fc00a2c39e90264f33305004495a9","hash":"e3294ebce77427f40677fef3061b4141aa28ec03"},"/Users/tobiastykvart/Git/storybook-design-system/src/components/Button/index.ts":{"path":"/Users/tobiastykvart/Git/storybook-design-system/src/components/Button/index.ts","statementMap":{},"fnMap":{},"branchMap":{},"s":{},"f":{},"b":{},"_coverageSchema":"1a1c01bbd47fc00a2c39e90264f33305004495a9","hash":"693b0bd8f492277daeb924f58ddbdaa048a1ad18"},"/Users/tobiastykvart/Git/storybook-design-system/src/components/Header/Header.tsx":{"path":"/Users/tobiastykvart/Git/storybook-design-system/src/components/Header/Header.tsx","statementMap":{"0":{"start":{"line":16,"column":24},"end":{"line":16,"column":50}},"1":{"start":{"line":17,"column":23},"end":{"line":17,"column":49}},"2":{"start":{"line":30,"column":21},"end":{"line":37,"column":3}},"3":{"start":{"line":30,"column":51},"end":{"line":37,"column":1}},"4":{"start":{"line":39,"column":30},"end":{"line":39,"column":42}},"5":{"start":{"line":41,"column":15},"end":{"line":154,"column":1}},"6":{"start":{"line":52,"column":6},"end":{"line":52,"column":11}},"7":{"start":{"line":53,"column":16},"end":{"line":53,"column":26}},"8":{"start":{"line":54,"column":23},"end":{"line":54,"column":66}},"9":{"start":{"line":56,"column":26},"end":{"line":56,"column":50}},"10":{"start":{"line":59,"column":4},"end":{"line":66,"column":8}},"11":{"start":{"line":70,"column":4},"end":{"line":72,"column":11}},"12":{"start":{"line":76,"column":4},"end":{"line":107,"column":10}},"13":{"start":{"line":81,"column":22},"end":{"line":81,"column":35}},"14":{"start":{"line":82,"column":23},"end":{"line":82,"column":37}},"15":{"start":{"line":88,"column":37},"end":{"line":88,"column":51}},"16":{"start":{"line":110,"column":2},"end":{"line":153,"column":4}},"17":{"start":{"line":119,"column":29},"end":{"line":119,"column":42}}},"fnMap":{"0":{"name":"(anonymous_0)","decl":{"start":{"line":30,"column":35},"end":{"line":30,"column":36}},"loc":{"start":{"line":30,"column":51},"end":{"line":37,"column":1}},"line":30},"1":{"name":"(anonymous_1)","decl":{"start":{"line":41,"column":15},"end":{"line":41,"column":16}},"loc":{"start":{"line":41,"column":39},"end":{"line":154,"column":1}},"line":41},"2":{"name":"(anonymous_2)","decl":{"start":{"line":81,"column":16},"end":{"line":81,"column":17}},"loc":{"start":{"line":81,"column":22},"end":{"line":81,"column":35}},"line":81},"3":{"name":"(anonymous_3)","decl":{"start":{"line":82,"column":17},"end":{"line":82,"column":18}},"loc":{"start":{"line":82,"column":23},"end":{"line":82,"column":37}},"line":82},"4":{"name":"(anonymous_4)","decl":{"start":{"line":88,"column":31},"end":{"line":88,"column":32}},"loc":{"start":{"line":88,"column":37},"end":{"line":88,"column":51}},"line":88},"5":{"name":"(anonymous_5)","decl":{"start":{"line":119,"column":23},"end":{"line":119,"column":24}},"loc":{"start":{"line":119,"column":29},"end":{"line":119,"column":42}},"line":119}},"branchMap":{"0":{"loc":{"start":{"line":44,"column":4},"end":{"line":44,"column":30}},"type":"default-arg","locations":[{"start":{"line":44,"column":25},"end":{"line":44,"column":30}}],"line":44},"1":{"loc":{"start":{"line":46,"column":4},"end":{"line":46,"column":27}},"type":"default-arg","locations":[{"start":{"line":46,"column":18},"end":{"line":46,"column":27}}],"line":46},"2":{"loc":{"start":{"line":63,"column":15},"end":{"line":63,"column":74}},"type":"cond-expr","locations":[{"start":{"line":63,"column":30},"end":{"line":63,"column":50}},{"start":{"line":63,"column":53},"end":{"line":63,"column":74}}],"line":63},"3":{"loc":{"start":{"line":64,"column":16},"end":{"line":64,"column":77}},"type":"cond-expr","locations":[{"start":{"line":64,"column":31},"end":{"line":64,"column":52}},{"start":{"line":64,"column":55},"end":{"line":64,"column":77}}],"line":64},"4":{"loc":{"start":{"line":89,"column":13},"end":{"line":89,"column":71}},"type":"cond-expr","locations":[{"start":{"line":89,"column":29},"end":{"line":89,"column":48}},{"start":{"line":89,"column":51},"end":{"line":89,"column":71}}],"line":89},"5":{"loc":{"start":{"line":94,"column":11},"end":{"line":103,"column":11}},"type":"binary-expr","locations":[{"start":{"line":94,"column":11},"end":{"line":94,"column":29}},{"start":{"line":94,"column":33},"end":{"line":94,"column":44}},{"start":{"line":94,"column":48},"end":{"line":94,"column":59}},{"start":{"line":95,"column":12},"end":{"line":102,"column":19}}],"line":94},"6":{"loc":{"start":{"line":112,"column":7},"end":{"line":151,"column":7}},"type":"cond-expr","locations":[{"start":{"line":113,"column":8},"end":{"line":128,"column":17}},{"start":{"line":130,"column":8},"end":{"line":150,"column":17}}],"line":112},"7":{"loc":{"start":{"line":133,"column":15},"end":{"line":133,"column":50}},"type":"binary-expr","locations":[{"start":{"line":133,"column":15},"end":{"line":133,"column":30}},{"start":{"line":133,"column":34},"end":{"line":133,"column":50}}],"line":133},"8":{"loc":{"start":{"line":136,"column":17},"end":{"line":145,"column":17}},"type":"binary-expr","locations":[{"start":{"line":136,"column":17},"end":{"line":136,"column":35}},{"start":{"line":136,"column":39},"end":{"line":136,"column":50}},{"start":{"line":136,"column":54},"end":{"line":136,"column":65}},{"start":{"line":137,"column":18},"end":{"line":144,"column":25}}],"line":136},"9":{"loc":{"start":{"line":146,"column":17},"end":{"line":146,"column":50}},"type":"binary-expr","locations":[{"start":{"line":146,"column":17},"end":{"line":146,"column":30}},{"start":{"line":146,"column":34},"end":{"line":146,"column":50}}],"line":146}},"s":{"0":1,"1":1,"2":1,"3":0,"4":1,"5":1,"6":2,"7":2,"8":2,"9":2,"10":2,"11":2,"12":2,"13":0,"14":0,"15":0,"16":2,"17":0},"f":{"0":0,"1":2,"2":0,"3":0,"4":0,"5":0},"b":{"0":[2],"1":[0],"2":[0,2],"3":[0,2],"4":[0,2],"5":[2,0,0,0],"6":[0,2],"7":[2,2],"8":[2,0,0,0],"9":[2,0]},"_coverageSchema":"1a1c01bbd47fc00a2c39e90264f33305004495a9","hash":"b6ecf5951ff1e9cd722d41ac820408d1297ad2f0"},"/Users/tobiastykvart/Git/storybook-design-system/src/components/Header/index.tsx":{"path":"/Users/tobiastykvart/Git/storybook-design-system/src/components/Header/index.tsx","statementMap":{},"fnMap":{},"branchMap":{},"s":{},"f":{},"b":{},"_coverageSchema":"1a1c01bbd47fc00a2c39e90264f33305004495a9","hash":"d757dcae26ea99d1fe1a9e0259ee41a564526ea7"},"/Users/tobiastykvart/Git/storybook-design-system/src/components/Footer/Footer.tsx":{"path":"/Users/tobiastykvart/Git/storybook-design-system/src/components/Footer/Footer.tsx","statementMap":{"0":{"start":{"line":11,"column":2},"end":{"line":11,"column":198}},"1":{"start":{"line":13,"column":15},"end":{"line":43,"column":1}},"2":{"start":{"line":14,"column":38},"end":{"line":14,"column":43}},"3":{"start":{"line":15,"column":2},"end":{"line":42,"column":4}}},"fnMap":{"0":{"name":"(anonymous_0)","decl":{"start":{"line":13,"column":15},"end":{"line":13,"column":16}},"loc":{"start":{"line":13,"column":39},"end":{"line":43,"column":1}},"line":13}},"branchMap":{"0":{"loc":{"start":{"line":14,"column":10},"end":{"line":14,"column":27}},"type":"default-arg","locations":[{"start":{"line":14,"column":17},"end":{"line":14,"column":27}}],"line":14}},"s":{"0":1,"1":1,"2":4,"3":4},"f":{"0":4},"b":{"0":[4]},"_coverageSchema":"1a1c01bbd47fc00a2c39e90264f33305004495a9","hash":"5c540487fd88209e63c997283f5c1a7c366dd473"},"/Users/tobiastykvart/Git/storybook-design-system/src/components/Claim/Claim.tsx":{"path":"/Users/tobiastykvart/Git/storybook-design-system/src/components/Claim/Claim.tsx","statementMap":{"0":{"start":{"line":26,"column":28},"end":{"line":34,"column":1}},"1":{"start":{"line":36,"column":14},"end":{"line":147,"column":1}},"2":{"start":{"line":44,"column":6},"end":{"line":44,"column":11}},"3":{"start":{"line":45,"column":16},"end":{"line":45,"column":26}},"4":{"start":{"line":46,"column":23},"end":{"line":46,"column":66}},"5":{"start":{"line":48,"column":2},"end":{"line":146,"column":4}},"6":{"start":{"line":83,"column":25},"end":{"line":83,"column":78}}},"fnMap":{"0":{"name":"(anonymous_0)","decl":{"start":{"line":36,"column":14},"end":{"line":36,"column":15}},"loc":{"start":{"line":36,"column":37},"end":{"line":147,"column":1}},"line":36},"1":{"name":"(anonymous_1)","decl":{"start":{"line":82,"column":31},"end":{"line":82,"column":32}},"loc":{"start":{"line":83,"column":25},"end":{"line":83,"column":78}},"line":83}},"branchMap":{"0":{"loc":{"start":{"line":38,"column":4},"end":{"line":38,"column":24}},"type":"default-arg","locations":[{"start":{"line":38,"column":12},"end":{"line":38,"column":24}}],"line":38},"1":{"loc":{"start":{"line":40,"column":4},"end":{"line":40,"column":23}},"type":"default-arg","locations":[{"start":{"line":40,"column":18},"end":{"line":40,"column":23}}],"line":40},"2":{"loc":{"start":{"line":43,"column":4},"end":{"line":43,"column":34}},"type":"default-arg","locations":[{"start":{"line":43,"column":25},"end":{"line":43,"column":34}}],"line":43},"3":{"loc":{"start":{"line":59,"column":9},"end":{"line":133,"column":9}},"type":"cond-expr","locations":[{"start":{"line":60,"column":10},"end":{"line":64,"column":17}},{"start":{"line":66,"column":10},"end":{"line":132,"column":11}}],"line":59},"4":{"loc":{"start":{"line":66,"column":10},"end":{"line":132,"column":11}},"type":"binary-expr","locations":[{"start":{"line":66,"column":10},"end":{"line":66,"column":15}},{"start":{"line":67,"column":12},"end":{"line":131,"column":15}}],"line":66},"5":{"loc":{"start":{"line":89,"column":31},"end":{"line":89,"column":64}},"type":"cond-expr","locations":[{"start":{"line":89,"column":46},"end":{"line":89,"column":57}},{"start":{"line":89,"column":60},"end":{"line":89,"column":64}}],"line":89},"6":{"loc":{"start":{"line":100,"column":29},"end":{"line":100,"column":62}},"type":"cond-expr","locations":[{"start":{"line":100,"column":44},"end":{"line":100,"column":55}},{"start":{"line":100,"column":58},"end":{"line":100,"column":62}}],"line":100},"7":{"loc":{"start":{"line":117,"column":41},"end":{"line":117,"column":74}},"type":"cond-expr","locations":[{"start":{"line":117,"column":56},"end":{"line":117,"column":67}},{"start":{"line":117,"column":70},"end":{"line":117,"column":74}}],"line":117},"8":{"loc":{"start":{"line":125,"column":29},"end":{"line":125,"column":69}},"type":"cond-expr","locations":[{"start":{"line":125,"column":44},"end":{"line":125,"column":55}},{"start":{"line":125,"column":58},"end":{"line":125,"column":69}}],"line":125},"9":{"loc":{"start":{"line":136,"column":14},"end":{"line":136,"column":34}},"type":"cond-expr","locations":[{"start":{"line":136,"column":28},"end":{"line":136,"column":29}},{"start":{"line":136,"column":32},"end":{"line":136,"column":34}}],"line":136},"10":{"loc":{"start":{"line":139,"column":26},"end":{"line":139,"column":62}},"type":"cond-expr","locations":[{"start":{"line":139,"column":41},"end":{"line":139,"column":49}},{"start":{"line":139,"column":52},"end":{"line":139,"column":62}}],"line":139},"11":{"loc":{"start":{"line":140,"column":14},"end":{"line":140,"column":50}},"type":"cond-expr","locations":[{"start":{"line":140,"column":45},"end":{"line":140,"column":46}},{"start":{"line":140,"column":49},"end":{"line":140,"column":50}}],"line":140},"12":{"loc":{"start":{"line":140,"column":14},"end":{"line":140,"column":42}},"type":"binary-expr","locations":[{"start":{"line":140,"column":14},"end":{"line":140,"column":26}},{"start":{"line":140,"column":30},"end":{"line":140,"column":42}}],"line":140}},"s":{"0":1,"1":1,"2":7,"3":7,"4":7,"5":7,"6":0},"f":{"0":7,"1":0},"b":{"0":[1],"1":[6],"2":[7],"3":[1,6],"4":[6,6],"5":[0,6],"6":[0,6],"7":[0,6],"8":[0,6],"9":[1,6],"10":[0,7],"11":[0,7],"12":[7,0]},"_coverageSchema":"1a1c01bbd47fc00a2c39e90264f33305004495a9","hash":"f23f7e01809c1907c0fee79b937f9dc7a3bff724"},"/Users/tobiastykvart/Git/storybook-design-system/src/components/TextField/index.ts":{"path":"/Users/tobiastykvart/Git/storybook-design-system/src/components/TextField/index.ts","statementMap":{},"fnMap":{},"branchMap":{},"s":{},"f":{},"b":{},"_coverageSchema":"1a1c01bbd47fc00a2c39e90264f33305004495a9","hash":"c55dbccf07cd393eb53d3ba9d89ca51682ddef64"},"/Users/tobiastykvart/Git/storybook-design-system/src/components/PasswordField/PasswordField.tsx":{"path":"/Users/tobiastykvart/Git/storybook-design-system/src/components/PasswordField/PasswordField.tsx","statementMap":{"0":{"start":{"line":18,"column":38},"end":{"line":23,"column":1}},"1":{"start":{"line":20,"column":22},"end":{"line":20,"column":49}},"2":{"start":{"line":25,"column":22},"end":{"line":96,"column":1}},"3":{"start":{"line":29,"column":42},"end":{"line":29,"column":66}},"4":{"start":{"line":30,"column":44},"end":{"line":30,"column":68}},"5":{"start":{"line":32,"column":20},"end":{"line":34,"column":3}},"6":{"start":{"line":33,"column":4},"end":{"line":33,"column":57}},"7":{"start":{"line":36,"column":25},"end":{"line":54,"column":7}},"8":{"start":{"line":56,"column":2},"end":{"line":95,"column":4}},"9":{"start":{"line":82,"column":31},"end":{"line":82,"column":61}}},"fnMap":{"0":{"name":"(anonymous_0)","decl":{"start":{"line":20,"column":16},"end":{"line":20,"column":17}},"loc":{"start":{"line":20,"column":22},"end":{"line":20,"column":49}},"line":20},"1":{"name":"(anonymous_1)","decl":{"start":{"line":25,"column":22},"end":{"line":25,"column":23}},"loc":{"start":{"line":28,"column":26},"end":{"line":96,"column":1}},"line":28},"2":{"name":"(anonymous_2)","decl":{"start":{"line":32,"column":20},"end":{"line":32,"column":21}},"loc":{"start":{"line":32,"column":58},"end":{"line":34,"column":3}},"line":32},"3":{"name":"(anonymous_3)","decl":{"start":{"line":82,"column":25},"end":{"line":82,"column":26}},"loc":{"start":{"line":82,"column":31},"end":{"line":82,"column":61}},"line":82}},"branchMap":{"0":{"loc":{"start":{"line":26,"column":2},"end":{"line":26,"column":34}},"type":"default-arg","locations":[{"start":{"line":26,"column":12},"end":{"line":26,"column":34}}],"line":26},"1":{"loc":{"start":{"line":27,"column":2},"end":{"line":27,"column":27}},"type":"default-arg","locations":[{"start":{"line":27,"column":22},"end":{"line":27,"column":27}}],"line":27},"2":{"loc":{"start":{"line":36,"column":25},"end":{"line":54,"column":7}},"type":"cond-expr","locations":[{"start":{"line":37,"column":6},"end":{"line":47,"column":7}},{"start":{"line":48,"column":6},"end":{"line":54,"column":7}}],"line":36},"3":{"loc":{"start":{"line":42,"column":10},"end":{"line":43,"column":54}},"type":"binary-expr","locations":[{"start":{"line":42,"column":10},"end":{"line":42,"column":46}},{"start":{"line":43,"column":10},"end":{"line":43,"column":54}}],"line":42},"4":{"loc":{"start":{"line":45,"column":10},"end":{"line":46,"column":45}},"type":"binary-expr","locations":[{"start":{"line":45,"column":10},"end":{"line":45,"column":46}},{"start":{"line":46,"column":10},"end":{"line":46,"column":45}}],"line":45},"5":{"loc":{"start":{"line":52,"column":15},"end":{"line":52,"column":75}},"type":"binary-expr","locations":[{"start":{"line":52,"column":15},"end":{"line":52,"column":39}},{"start":{"line":52,"column":43},"end":{"line":52,"column":75}}],"line":52},"6":{"loc":{"start":{"line":53,"column":18},"end":{"line":53,"column":69}},"type":"binary-expr","locations":[{"start":{"line":53,"column":18},"end":{"line":53,"column":42}},{"start":{"line":53,"column":46},"end":{"line":53,"column":69}}],"line":53},"7":{"loc":{"start":{"line":61,"column":14},"end":{"line":61,"column":48}},"type":"cond-expr","locations":[{"start":{"line":61,"column":29},"end":{"line":61,"column":35}},{"start":{"line":61,"column":38},"end":{"line":61,"column":48}}],"line":61},"8":{"loc":{"start":{"line":71,"column":15},"end":{"line":79,"column":15}},"type":"binary-expr","locations":[{"start":{"line":71,"column":15},"end":{"line":71,"column":28}},{"start":{"line":72,"column":16},"end":{"line":78,"column":26}}],"line":71},"9":{"loc":{"start":{"line":84,"column":17},"end":{"line":88,"column":17}},"type":"cond-expr","locations":[{"start":{"line":85,"column":18},"end":{"line":85,"column":62}},{"start":{"line":87,"column":18},"end":{"line":87,"column":56}}],"line":84}},"s":{"0":1,"1":0,"2":1,"3":6,"4":6,"5":6,"6":2,"7":6,"8":6,"9":2},"f":{"0":0,"1":6,"2":2,"3":2},"b":{"0":[0],"1":[6],"2":[0,6],"3":[0,0],"4":[0,0],"5":[6,6],"6":[6,6],"7":[1,5],"8":[6,1],"9":[1,5]},"_coverageSchema":"1a1c01bbd47fc00a2c39e90264f33305004495a9","hash":"24d8a64e7fa22c3d06f108afcea1a9564832e356"}}}