{"numFailedTestSuites":1,"numFailedTests":0,"numPassedTestSuites":2,"numPassedTests":2,"numPendingTestSuites":0,"numPendingTests":0,"numRuntimeErrorTestSuites":1,"numTodoTests":0,"numTotalTestSuites":3,"numTotalTests":2,"openHandles":[],"snapshot":{"added":0,"didUpdate":false,"failure":false,"filesAdded":0,"filesRemoved":0,"filesRemovedList":[],"filesUnmatched":0,"filesUpdated":0,"matched":0,"total":0,"unchecked":0,"uncheckedKeysByFile":[],"unmatched":0,"updated":0},"startTime":1652618194008,"success":false,"testResults":[{"assertionResults":[],"coverage":{},"endTime":1652618195855,"message":"  \u001b[1m● \u001b[22mTest suite failed to run\n\n    Cannot find module '@types/jest' from 'src/components/Claim/Claim.test.tsx'\n\n    \u001b[0m \u001b[90m 1 |\u001b[39m \u001b[36mimport\u001b[39m \u001b[33mReact\u001b[39m \u001b[36mfrom\u001b[39m \u001b[32m'react'\u001b[39m\u001b[33m;\u001b[39m\u001b[0m\n    \u001b[0m \u001b[90m 2 |\u001b[39m \u001b[36mimport\u001b[39m { render } \u001b[36mfrom\u001b[39m \u001b[32m'@testing-library/react'\u001b[39m\u001b[33m;\u001b[39m\u001b[0m\n    \u001b[0m\u001b[31m\u001b[1m>\u001b[22m\u001b[39m\u001b[90m 3 |\u001b[39m \u001b[36mimport\u001b[39m \u001b[32m'@types/jest'\u001b[39m\u001b[33m;\u001b[39m\u001b[0m\n    \u001b[0m \u001b[90m   |\u001b[39m \u001b[31m\u001b[1m^\u001b[22m\u001b[39m\u001b[0m\n    \u001b[0m \u001b[90m 4 |\u001b[39m\u001b[0m\n    \u001b[0m \u001b[90m 5 |\u001b[39m \u001b[36mimport\u001b[39m \u001b[33mClaim\u001b[39m \u001b[36mfrom\u001b[39m \u001b[32m'./Claim'\u001b[39m\u001b[33m;\u001b[39m\u001b[0m\n    \u001b[0m \u001b[90m 6 |\u001b[39m\u001b[0m\n\n      \u001b[2mat Resolver.resolveModule (\u001b[22mnode_modules/jest-resolve/build/resolver.js\u001b[2m:324:11)\u001b[22m\n      \u001b[2mat Object.<anonymous> (\u001b[22m\u001b[0m\u001b[36msrc/components/Claim/Claim.test.tsx\u001b[39m\u001b[0m\u001b[2m:3:1)\u001b[22m\n","name":"/Users/tobiastykvart/Git/storybook-design-system/src/components/Claim/Claim.test.tsx","startTime":1652618195855,"status":"failed","summary":""},{"assertionResults":[{"ancestorTitles":["Button"],"failureMessages":[],"fullName":"Button renders the Button component","location":null,"status":"passed","title":"renders the Button component"}],"endTime":1652618195218,"message":"","name":"/Users/tobiastykvart/Git/storybook-design-system/src/components/Button/Button.test.tsx","startTime":1652618194578,"status":"passed","summary":""},{"assertionResults":[{"ancestorTitles":["Typography"],"failureMessages":[],"fullName":"Typography renders the Typography component","location":null,"status":"passed","title":"renders the Typography component"}],"endTime":1652618195817,"message":"","name":"/Users/tobiastykvart/Git/storybook-design-system/src/components/Typography/Typography.test.tsx","startTime":1652618194578,"status":"passed","summary":""}],"wasInterrupted":false,"coverageMap":{"/Users/tobiastykvart/Git/storybook-design-system/src/components/Button/Button.tsx":{"path":"/Users/tobiastykvart/Git/storybook-design-system/src/components/Button/Button.tsx","statementMap":{"0":{"start":{"line":9,"column":15},"end":{"line":11,"column":1}},"1":{"start":{"line":10,"column":2},"end":{"line":10,"column":64}}},"fnMap":{"0":{"name":"(anonymous_0)","decl":{"start":{"line":9,"column":15},"end":{"line":9,"column":16}},"loc":{"start":{"line":9,"column":39},"end":{"line":11,"column":1}},"line":9}},"branchMap":{},"s":{"0":1,"1":1},"f":{"0":1},"b":{},"_coverageSchema":"1a1c01bbd47fc00a2c39e90264f33305004495a9","hash":"3cdeed41dfa07ac641ce9469def05b967642fdb8"},"/Users/tobiastykvart/Git/storybook-design-system/src/components/Typography/Typography.tsx":{"path":"/Users/tobiastykvart/Git/storybook-design-system/src/components/Typography/Typography.tsx","statementMap":{"0":{"start":{"line":10,"column":26},"end":{"line":38,"column":1}},"1":{"start":{"line":19,"column":6},"end":{"line":19,"column":11}},"2":{"start":{"line":21,"column":14},"end":{"line":21,"column":27}},"3":{"start":{"line":22,"column":2},"end":{"line":22,"column":37}},"4":{"start":{"line":24,"column":2},"end":{"line":37,"column":4}}},"fnMap":{"0":{"name":"(anonymous_0)","decl":{"start":{"line":10,"column":26},"end":{"line":10,"column":27}},"loc":{"start":{"line":10,"column":54},"end":{"line":38,"column":1}},"line":10}},"branchMap":{"0":{"loc":{"start":{"line":12,"column":4},"end":{"line":12,"column":28}},"type":"default-arg","locations":[{"start":{"line":12,"column":15},"end":{"line":12,"column":28}}],"line":12},"1":{"loc":{"start":{"line":13,"column":4},"end":{"line":13,"column":21}},"type":"default-arg","locations":[{"start":{"line":13,"column":14},"end":{"line":13,"column":21}}],"line":13},"2":{"loc":{"start":{"line":14,"column":4},"end":{"line":14,"column":18}},"type":"default-arg","locations":[{"start":{"line":14,"column":12},"end":{"line":14,"column":18}}],"line":14},"3":{"loc":{"start":{"line":15,"column":4},"end":{"line":15,"column":24}},"type":"default-arg","locations":[{"start":{"line":15,"column":19},"end":{"line":15,"column":24}}],"line":15},"4":{"loc":{"start":{"line":16,"column":4},"end":{"line":16,"column":18}},"type":"default-arg","locations":[{"start":{"line":16,"column":13},"end":{"line":16,"column":18}}],"line":16},"5":{"loc":{"start":{"line":17,"column":4},"end":{"line":17,"column":21}},"type":"default-arg","locations":[{"start":{"line":17,"column":16},"end":{"line":17,"column":21}}],"line":17},"6":{"loc":{"start":{"line":18,"column":4},"end":{"line":18,"column":32}},"type":"default-arg","locations":[{"start":{"line":18,"column":17},"end":{"line":18,"column":32}}],"line":18}},"s":{"0":1,"1":1,"2":1,"3":1,"4":1},"f":{"0":1},"b":{"0":[1],"1":[1],"2":[1],"3":[1],"4":[1],"5":[1],"6":[1]},"_coverageSchema":"1a1c01bbd47fc00a2c39e90264f33305004495a9","hash":"4951a354eb90e7039b6e80680cf1918afe69484b"}}}